<!doctype html>
<html lang="">
<head>
    <meta charset="UTF-8">
    <meta name="viewport"
          content="width=device-width, user-scalable=no, initial-scale=1.0, maximum-scale=1.0, minimum-scale=1.0">
    <meta http-equiv="X-UA-Compatible" content="ie=edge">
    <title>Test Results Report - Cucumber</title>

    <link href="reportng.css" rel="stylesheet" type="text/css"/>
</head>
<body>
<div id="meta">
Generated by <a href="http://www.testng.org" target="_blank">TestNG</a> with <a href="https://github.com/testng-team/reportng" target="_blank">ReportNG</a>
at 16:38 TRT on Cuma 22 Ağustos 2025
    <br/><span
    id="systemInfo">Asus@DESKTOP-DLFDU3L&nbsp;/&nbsp;Java 22.0.2 (Oracle Corporation)&nbsp;/&nbsp;Windows 10 10.0 (amd64)</span>
</div>
<h1>Cucumber</h1>

<p>
    <a href="index.html">Suites</a>
        &#183; <a href="output.html">Log Output</a>
</p>

<p>Test duration
    : 254,589s</p>


    <table class="resultsTable">
        <tr>
            <th colspan="3" class="header failed">Failed Tests</th>
        </tr>
            <tr>
                <td class="group" colspan="3">TestRunners.Runner$runner</td>
            </tr>
    <tr>
        <td class="method">
                <span class="description" title="Runs Cucumber Scenarios">
                    runScenario
                </span>
        </td>
        <td class="duration">
            17,798s
        </td>
        <td class="result">
            <!-- Display the dependencies for skipped test methods -->

                <i>Method arguments: </i>
                <span class="arguments">
                    "User draft ask question", "Twitter post Menu Cases"
                </span>
                <br/>

            <!-- Show logger output for the test -->

                <a href="javascript:toggleElement('exception-0', 'block')"
                   title="Click to expand/collapse">
                    <b>org.openqa.selenium.StaleElementReferenceException: stale element reference: stale element not found in the current frame<br/>
&nbsp; (Session info: chrome=139.0.7258.138)<br/>
For documentation on this error, please visit: https://www.seleniumhq.org/exceptions/stale_element_reference.html<br/>
Build info: version: &apos;3.141.59&apos;, revision: &apos;e82be7d358&apos;, time: &apos;2018-11-14T08:17:03&apos;<br/>
System info: host: &apos;DESKTOP-DLFDU3L&apos;, ip: &apos;192.168.56.1&apos;, os.name: &apos;Windows 10&apos;, os.arch: &apos;amd64&apos;, os.version: &apos;10.0&apos;, java.version: &apos;22.0.2&apos;<br/>
Driver info: org.openqa.selenium.chrome.ChromeDriver<br/>
Capabilities {acceptInsecureCerts: false, browserName: chrome, browserVersion: 139.0.7258.138, chrome: {chromedriverVersion: 139.0.7258.138 (884e54ea8d4..., userDataDir: C:\Users\Asus\AppData\Local...}, fedcm:accounts: true, goog:chromeOptions: {debuggerAddress: localhost:9567}, javascriptEnabled: true, networkConnectionEnabled: false, pageLoadStrategy: normal, platform: WINDOWS, platformName: WINDOWS, proxy: Proxy(), setWindowRect: true, strictFileInteractability: false, timeouts: {implicit: 0, pageLoad: 300000, script: 30000}, unhandledPromptBehavior: dismiss and notify, webauthn:extension:credBlob: true, webauthn:extension:largeBlob: true, webauthn:extension:minPinLength: true, webauthn:extension:prf: true, webauthn:virtualAuthenticators: true}<br/>
Session ID: edbe8be6de39da8e5bac9cdf9a6faba1</b>
                </a>
                <br/>
                <div class="stackTrace" id="exception-0">
                        java.base/jdk.internal.reflect.DirectConstructorHandleAccessor.newInstance(DirectConstructorHandleAccessor.java:62)<br/>
                        java.base/java.lang.reflect.Constructor.newInstanceWithCaller(Constructor.java:502)<br/>
                        java.base/java.lang.reflect.Constructor.newInstance(Constructor.java:486)<br/>
                        org.openqa.selenium.remote.http.W3CHttpResponseCodec.createException(W3CHttpResponseCodec.java:187)<br/>
                        org.openqa.selenium.remote.http.W3CHttpResponseCodec.decode(W3CHttpResponseCodec.java:122)<br/>
                        org.openqa.selenium.remote.http.W3CHttpResponseCodec.decode(W3CHttpResponseCodec.java:49)<br/>
                        org.openqa.selenium.remote.HttpCommandExecutor.execute(HttpCommandExecutor.java:158)<br/>
                        org.openqa.selenium.remote.service.DriverCommandExecutor.execute(DriverCommandExecutor.java:83)<br/>
                        org.openqa.selenium.remote.RemoteWebDriver.execute(RemoteWebDriver.java:552)<br/>
                        org.openqa.selenium.remote.RemoteWebElement.execute(RemoteWebElement.java:285)<br/>
                        org.openqa.selenium.remote.RemoteWebElement.click(RemoteWebElement.java:84)<br/>
                        Pages.PostPage.clickPollOption(PostPage.java:58)<br/>
                        StepDefinitions.PostPageStepDefinitions.userClickPollOption(PostPageStepDefinitions.java:41)<br/>
                        ✽.User click poll option(file:///C:/Users/Asus/IdeaProjects/TwitterProject/src/test/java/Features/PostMenu.feature:61)<br/>
                </div>
        </td>
    </tr>
    <tr>
        <td class="method">
                <span class="description" title="Runs Cucumber Scenarios">
                    runScenario
                </span>
        </td>
        <td class="duration">
            16,822s
        </td>
        <td class="result">
            <!-- Display the dependencies for skipped test methods -->

                <i>Method arguments: </i>
                <span class="arguments">
                    "User controls ask questions option", "Twitter post Menu Cases"
                </span>
                <br/>

            <!-- Show logger output for the test -->

                <a href="javascript:toggleElement('exception-1', 'block')"
                   title="Click to expand/collapse">
                    <b>org.openqa.selenium.StaleElementReferenceException: stale element reference: stale element not found in the current frame<br/>
&nbsp; (Session info: chrome=139.0.7258.138)<br/>
For documentation on this error, please visit: https://www.seleniumhq.org/exceptions/stale_element_reference.html<br/>
Build info: version: &apos;3.141.59&apos;, revision: &apos;e82be7d358&apos;, time: &apos;2018-11-14T08:17:03&apos;<br/>
System info: host: &apos;DESKTOP-DLFDU3L&apos;, ip: &apos;192.168.56.1&apos;, os.name: &apos;Windows 10&apos;, os.arch: &apos;amd64&apos;, os.version: &apos;10.0&apos;, java.version: &apos;22.0.2&apos;<br/>
Driver info: org.openqa.selenium.chrome.ChromeDriver<br/>
Capabilities {acceptInsecureCerts: false, browserName: chrome, browserVersion: 139.0.7258.138, chrome: {chromedriverVersion: 139.0.7258.138 (884e54ea8d4..., userDataDir: C:\Users\Asus\AppData\Local...}, fedcm:accounts: true, goog:chromeOptions: {debuggerAddress: localhost:9460}, javascriptEnabled: true, networkConnectionEnabled: false, pageLoadStrategy: normal, platform: WINDOWS, platformName: WINDOWS, proxy: Proxy(), setWindowRect: true, strictFileInteractability: false, timeouts: {implicit: 0, pageLoad: 300000, script: 30000}, unhandledPromptBehavior: dismiss and notify, webauthn:extension:credBlob: true, webauthn:extension:largeBlob: true, webauthn:extension:minPinLength: true, webauthn:extension:prf: true, webauthn:virtualAuthenticators: true}<br/>
Session ID: 61297c2be22955f03353a87433224b60</b>
                </a>
                <br/>
                <div class="stackTrace" id="exception-1">
                        java.base/jdk.internal.reflect.DirectConstructorHandleAccessor.newInstance(DirectConstructorHandleAccessor.java:62)<br/>
                        java.base/java.lang.reflect.Constructor.newInstanceWithCaller(Constructor.java:502)<br/>
                        java.base/java.lang.reflect.Constructor.newInstance(Constructor.java:486)<br/>
                        org.openqa.selenium.remote.http.W3CHttpResponseCodec.createException(W3CHttpResponseCodec.java:187)<br/>
                        org.openqa.selenium.remote.http.W3CHttpResponseCodec.decode(W3CHttpResponseCodec.java:122)<br/>
                        org.openqa.selenium.remote.http.W3CHttpResponseCodec.decode(W3CHttpResponseCodec.java:49)<br/>
                        org.openqa.selenium.remote.HttpCommandExecutor.execute(HttpCommandExecutor.java:158)<br/>
                        org.openqa.selenium.remote.service.DriverCommandExecutor.execute(DriverCommandExecutor.java:83)<br/>
                        org.openqa.selenium.remote.RemoteWebDriver.execute(RemoteWebDriver.java:552)<br/>
                        org.openqa.selenium.remote.RemoteWebElement.execute(RemoteWebElement.java:285)<br/>
                        org.openqa.selenium.remote.RemoteWebElement.click(RemoteWebElement.java:84)<br/>
                        Pages.PostPage.clickPollOption(PostPage.java:58)<br/>
                        StepDefinitions.PostPageStepDefinitions.userClickPollOption(PostPageStepDefinitions.java:41)<br/>
                        ✽.User click poll option(file:///C:/Users/Asus/IdeaProjects/TwitterProject/src/test/java/Features/PostMenu.feature:47)<br/>
                </div>
        </td>
    </tr>
    </table>


    <table class="resultsTable" width="100%">
        <tr>
            <th colspan="3" class="header passed">Passed Tests</th>
        </tr>
            <tr>
                <td class="group" colspan="3">TestRunners.Runner$runner</td>
            </tr>
    <tr>
        <td class="method">
                <span class="description" title="Runs Cucumber Scenarios">
                    runScenario
                </span>
        </td>
        <td class="duration">
            17,347s
        </td>
        <td class="result">
            <!-- Display the dependencies for skipped test methods -->

                <i>Method arguments: </i>
                <span class="arguments">
                    "User logs in successfully", "Twitter Login Page Cases"
                </span>
                <br/>

            <!-- Show logger output for the test -->

        </td>
    </tr>
    <tr>
        <td class="method">
                <span class="description" title="Runs Cucumber Scenarios">
                    runScenario
                </span>
        </td>
        <td class="duration">
            14,217s
        </td>
        <td class="result">
            <!-- Display the dependencies for skipped test methods -->

                <i>Method arguments: </i>
                <span class="arguments">
                    "The user enters incorrect password", "Twitter Login Page Cases"
                </span>
                <br/>

            <!-- Show logger output for the test -->

        </td>
    </tr>
    <tr>
        <td class="method">
                <span class="description" title="Runs Cucumber Scenarios">
                    runScenario
                </span>
        </td>
        <td class="duration">
            18,653s
        </td>
        <td class="result">
            <!-- Display the dependencies for skipped test methods -->

                <i>Method arguments: </i>
                <span class="arguments">
                    "The user looks at the list of followers and people they follow", "Twitter profile Menu Cases"
                </span>
                <br/>

            <!-- Show logger output for the test -->

        </td>
    </tr>
    <tr>
        <td class="method">
                <span class="description" title="Runs Cucumber Scenarios">
                    runScenario
                </span>
        </td>
        <td class="duration">
            18,099s
        </td>
        <td class="result">
            <!-- Display the dependencies for skipped test methods -->

                <i>Method arguments: </i>
                <span class="arguments">
                    "User posts text", "Twitter post Menu Cases"
                </span>
                <br/>

            <!-- Show logger output for the test -->

        </td>
    </tr>
    <tr>
        <td class="method">
                <span class="description" title="Runs Cucumber Scenarios">
                    runScenario
                </span>
        </td>
        <td class="duration">
            9,351s
        </td>
        <td class="result">
            <!-- Display the dependencies for skipped test methods -->

                <i>Method arguments: </i>
                <span class="arguments">
                    "The user enters incorrect mail", "Twitter Login Page Cases"
                </span>
                <br/>

            <!-- Show logger output for the test -->

        </td>
    </tr>
    <tr>
        <td class="method">
                <span class="description" title="Runs Cucumber Scenarios">
                    runScenario
                </span>
        </td>
        <td class="duration">
            17,226s
        </td>
        <td class="result">
            <!-- Display the dependencies for skipped test methods -->

                <i>Method arguments: </i>
                <span class="arguments">
                    "User controls post menu", "Twitter post Menu Cases"
                </span>
                <br/>

            <!-- Show logger output for the test -->

        </td>
    </tr>
    <tr>
        <td class="method">
                <span class="description" title="Runs Cucumber Scenarios">
                    runScenario
                </span>
        </td>
        <td class="duration">
            19,551s
        </td>
        <td class="result">
            <!-- Display the dependencies for skipped test methods -->

                <i>Method arguments: </i>
                <span class="arguments">
                    "User controls post options", "Twitter post Menu Cases"
                </span>
                <br/>

            <!-- Show logger output for the test -->

        </td>
    </tr>
    <tr>
        <td class="method">
                <span class="description" title="Runs Cucumber Scenarios">
                    runScenario
                </span>
        </td>
        <td class="duration">
            27,110s
        </td>
        <td class="result">
            <!-- Display the dependencies for skipped test methods -->

                <i>Method arguments: </i>
                <span class="arguments">
                    "User goes profile", "Twitter profile Menu Cases"
                </span>
                <br/>

            <!-- Show logger output for the test -->

        </td>
    </tr>
    <tr>
        <td class="method">
                <span class="description" title="Runs Cucumber Scenarios">
                    runScenario
                </span>
        </td>
        <td class="duration">
            19,225s
        </td>
        <td class="result">
            <!-- Display the dependencies for skipped test methods -->

                <i>Method arguments: </i>
                <span class="arguments">
                    "User changes their profile settings", "Twitter profile Menu Cases"
                </span>
                <br/>

            <!-- Show logger output for the test -->

        </td>
    </tr>
    <tr>
        <td class="method">
                <span class="description" title="Runs Cucumber Scenarios">
                    runScenario
                </span>
        </td>
        <td class="duration">
            19,600s
        </td>
        <td class="result">
            <!-- Display the dependencies for skipped test methods -->

                <i>Method arguments: </i>
                <span class="arguments">
                    "The user looks at the follower suggestion list", "Twitter profile Menu Cases"
                </span>
                <br/>

            <!-- Show logger output for the test -->

        </td>
    </tr>
    <tr>
        <td class="method">
                <span class="description" title="Runs Cucumber Scenarios">
                    runScenario
                </span>
        </td>
        <td class="duration">
            20,870s
        </td>
        <td class="result">
            <!-- Display the dependencies for skipped test methods -->

                <i>Method arguments: </i>
                <span class="arguments">
                    "User controls submenus", "Twitter Explore Menu Cases"
                </span>
                <br/>

            <!-- Show logger output for the test -->

        </td>
    </tr>
    <tr>
        <td class="method">
                <span class="description" title="Runs Cucumber Scenarios">
                    runScenario
                </span>
        </td>
        <td class="duration">
            17,794s
        </td>
        <td class="result">
            <!-- Display the dependencies for skipped test methods -->

                <i>Method arguments: </i>
                <span class="arguments">
                    "User controls explore menu", "Twitter Explore Menu Cases"
                </span>
                <br/>

            <!-- Show logger output for the test -->

        </td>
    </tr>
    </table>

<script type="text/javascript" src="reportng.js"></script>
</body>
